<?xml version="1.0" encoding="UTF-8"?>
<coverage generated="1580575813667" clover="3.2.0">
  <project timestamp="1580575813668" name="All files">
    <metrics statements="7" coveredstatements="7" conditionals="4" coveredconditionals="2" methods="6" coveredmethods="6" elements="17" coveredelements="15" complexity="0" loc="7" ncloc="7" packages="1" files="1" classes="1"/>
    <file name="logic.js" path="/home/ahmad/W2-Ahmad-Salah-ToDoAPP/skeleton/logic.js">
      <metrics statements="7" coveredstatements="7" conditionals="4" coveredconditionals="2" methods="6" coveredmethods="6"/>
      <line num="2" count="1" type="stmt"/>
      <line num="8" count="1" type="stmt"/>
      <line num="9" count="1" type="cond" truecount="1" falsecount="1"/>
      <line num="13" count="2" type="stmt"/>
      <line num="17" count="13" type="stmt"/>
      <line num="21" count="1" type="stmt"/>
      <line num="25" count="1" type="cond" truecount="1" falsecount="1"/>
    </file>
  </project>
</coverage>
