{"/home/ahmad/W2-Ahmad-Salah-ToDoAPP/skeleton/logic.js": {"path":"/home/ahmad/W2-Ahmad-Salah-ToDoAPP/skeleton/logic.js","statementMap":{"0":{"start":{"line":2,"column":18},"end":{"line":6,"column":4}},"1":{"start":{"line":8,"column":18},"end":{"line":10,"column":3}},"2":{"start":{"line":9,"column":4},"end":{"line":9,"column":40}},"3":{"start":{"line":13,"column":5},"end":{"line":13,"column":25}},"4":{"start":{"line":17,"column":4},"end":{"line":17,"column":39}},"5":{"start":{"line":17,"column":28},"end":{"line":17,"column":37}},"6":{"start":{"line":21,"column":4},"end":{"line":21,"column":37}},"7":{"start":{"line":21,"column":26},"end":{"line":21,"column":35}},"8":{"start":{"line":25,"column":12},"end":{"line":25,"column":30}},"9":{"start":{"line":26,"column":4},"end":{"line":26,"column":21}},"10":{"start":{"line":27,"column":4},"end":{"line":27,"column":51}},"11":{"start":{"line":27,"column":25},"end":{"line":27,"column":49}},"12":{"start":{"line":31,"column":0},"end":{"line":38,"column":3}},"13":{"start":{"line":31,"column":33},"end":{"line":38,"column":3}}},"fnMap":{"0":{"name":"(anonymous_0)","decl":{"start":{"line":8,"column":18},"end":{"line":8,"column":19}},"loc":{"start":{"line":8,"column":31},"end":{"line":10,"column":3}},"line":8},"1":{"name":"add_todo","decl":{"start":{"line":12,"column":11},"end":{"line":12,"column":19}},"loc":{"start":{"line":12,"column":28},"end":{"line":14,"column":3}},"line":12},"2":{"name":"delete_todo","decl":{"start":{"line":16,"column":11},"end":{"line":16,"column":22}},"loc":{"start":{"line":16,"column":30},"end":{"line":18,"column":3}},"line":16},"3":{"name":"(anonymous_3)","decl":{"start":{"line":17,"column":22},"end":{"line":17,"column":23}},"loc":{"start":{"line":17,"column":28},"end":{"line":17,"column":37}},"line":17},"4":{"name":"find_todo","decl":{"start":{"line":20,"column":11},"end":{"line":20,"column":20}},"loc":{"start":{"line":20,"column":30},"end":{"line":22,"column":3}},"line":20},"5":{"name":"(anonymous_5)","decl":{"start":{"line":21,"column":20},"end":{"line":21,"column":21}},"loc":{"start":{"line":21,"column":26},"end":{"line":21,"column":35}},"line":21},"6":{"name":"change_done","decl":{"start":{"line":24,"column":11},"end":{"line":24,"column":22}},"loc":{"start":{"line":24,"column":32},"end":{"line":28,"column":3}},"line":24},"7":{"name":"(anonymous_7)","decl":{"start":{"line":27,"column":19},"end":{"line":27,"column":20}},"loc":{"start":{"line":27,"column":25},"end":{"line":27,"column":49}},"line":27}},"branchMap":{"0":{"loc":{"start":{"line":9,"column":11},"end":{"line":9,"column":39}},"type":"binary-expr","locations":[{"start":{"line":9,"column":11},"end":{"line":9,"column":34}},{"start":{"line":9,"column":38},"end":{"line":9,"column":39}}],"line":9},"1":{"loc":{"start":{"line":27,"column":25},"end":{"line":27,"column":49}},"type":"cond-expr","locations":[{"start":{"line":27,"column":41},"end":{"line":27,"column":44}},{"start":{"line":27,"column":47},"end":{"line":27,"column":49}}],"line":27},"2":{"loc":{"start":{"line":31,"column":0},"end":{"line":38,"column":3}},"type":"if","locations":[{"start":{"line":31,"column":0},"end":{"line":38,"column":3}},{"start":{"line":31,"column":0},"end":{"line":38,"column":3}}],"line":31}},"s":{"0":1,"1":1,"2":1,"3":2,"4":4,"5":13,"6":2,"7":2,"8":1,"9":1,"10":1,"11":1,"12":1,"13":1},"f":{"0":1,"1":2,"2":4,"3":13,"4":2,"5":2,"6":1,"7":1},"b":{"0":[1,0],"1":[1,0],"2":[1,0]},"_coverageSchema":"1a1c01bbd47fc00a2c39e90264f33305004495a9","hash":"e3a25b871e19aa7a2cd49e7b1dbfe9dae18c708a"}
}
