{"/home/ahmad/W2-Ahmad-Salah-ToDoAPP/skeleton/logic.js": {"path":"/home/ahmad/W2-Ahmad-Salah-ToDoAPP/skeleton/logic.js","statementMap":{"0":{"start":{"line":2,"column":18},"end":{"line":6,"column":4}},"1":{"start":{"line":7,"column":18},"end":{"line":9,"column":3}},"2":{"start":{"line":8,"column":4},"end":{"line":8,"column":40}},"3":{"start":{"line":12,"column":5},"end":{"line":12,"column":25}},"4":{"start":{"line":16,"column":4},"end":{"line":16,"column":39}},"5":{"start":{"line":16,"column":28},"end":{"line":16,"column":37}},"6":{"start":{"line":20,"column":4},"end":{"line":20,"column":37}},"7":{"start":{"line":20,"column":26},"end":{"line":20,"column":35}},"8":{"start":{"line":24,"column":0},"end":{"line":30,"column":3}},"9":{"start":{"line":24,"column":33},"end":{"line":30,"column":3}}},"fnMap":{"0":{"name":"(anonymous_0)","decl":{"start":{"line":7,"column":18},"end":{"line":7,"column":19}},"loc":{"start":{"line":7,"column":31},"end":{"line":9,"column":3}},"line":7},"1":{"name":"add_todo","decl":{"start":{"line":11,"column":11},"end":{"line":11,"column":19}},"loc":{"start":{"line":11,"column":28},"end":{"line":13,"column":3}},"line":11},"2":{"name":"delete_todo","decl":{"start":{"line":15,"column":11},"end":{"line":15,"column":22}},"loc":{"start":{"line":15,"column":30},"end":{"line":17,"column":3}},"line":15},"3":{"name":"(anonymous_3)","decl":{"start":{"line":16,"column":22},"end":{"line":16,"column":23}},"loc":{"start":{"line":16,"column":28},"end":{"line":16,"column":37}},"line":16},"4":{"name":"find_todo","decl":{"start":{"line":19,"column":11},"end":{"line":19,"column":20}},"loc":{"start":{"line":19,"column":30},"end":{"line":21,"column":3}},"line":19},"5":{"name":"(anonymous_5)","decl":{"start":{"line":20,"column":20},"end":{"line":20,"column":21}},"loc":{"start":{"line":20,"column":26},"end":{"line":20,"column":35}},"line":20}},"branchMap":{"0":{"loc":{"start":{"line":8,"column":11},"end":{"line":8,"column":39}},"type":"binary-expr","locations":[{"start":{"line":8,"column":11},"end":{"line":8,"column":34}},{"start":{"line":8,"column":38},"end":{"line":8,"column":39}}],"line":8},"1":{"loc":{"start":{"line":24,"column":0},"end":{"line":30,"column":3}},"type":"if","locations":[{"start":{"line":24,"column":0},"end":{"line":30,"column":3}},{"start":{"line":24,"column":0},"end":{"line":30,"column":3}}],"line":24}},"s":{"0":1,"1":1,"2":1,"3":2,"4":4,"5":13,"6":1,"7":1,"8":1,"9":1},"f":{"0":1,"1":2,"2":4,"3":13,"4":1,"5":1},"b":{"0":[1,0],"1":[1,0]},"_coverageSchema":"1a1c01bbd47fc00a2c39e90264f33305004495a9","hash":"0b75fc5500a65e44a012cc73c1a1486d264674a4"}
}
