TN:
SF:skeleton/logic.js
FN:8,(anonymous_0)
FN:12,add_todo
FN:16,delete_todo
FN:17,(anonymous_3)
FN:20,find_todo
FN:21,(anonymous_5)
FN:24,change_done
FN:27,(anonymous_7)
FNF:8
FNH:8
FNDA:1,(anonymous_0)
FNDA:2,add_todo
FNDA:4,delete_todo
FNDA:13,(anonymous_3)
FNDA:2,find_todo
FNDA:2,(anonymous_5)
FNDA:1,change_done
FNDA:1,(anonymous_7)
DA:2,1
DA:8,1
DA:9,1
DA:13,2
DA:17,13
DA:21,2
DA:25,1
DA:26,1
DA:27,1
DA:31,1
LF:10
LH:10
BRDA:9,0,0,1
BRDA:9,0,1,0
BRDA:27,1,0,1
BRDA:27,1,1,0
BRDA:31,2,0,1
BRDA:31,2,1,0
BRF:6
BRH:3
end_of_record
